<?xml version="1.0" encoding="UTF-8"?>
<Site BuildName="(empty)"
	BuildStamp="20260417-0151-Experimental"
	Name="(empty)"
	Generator="ctest-4.3.1"
	CompilerName=""
	CompilerVersion=""
	OSName="macOS"
	Hostname="Mac-Home.local"
	OSRelease="26.4"
	OSVersion="25E241"
	OSPlatform="arm64"
	Is64Bits="1"
	VendorString="Apple"
	VendorID="Apple"
	FamilyID="0"
	ModelID="0"
	ModelName="Apple M4"
	ProcessorCacheSize="131072"
	NumberOfLogicalCPU="10"
	NumberOfPhysicalCPU="10"
	TotalVirtualMemory="0"
	TotalPhysicalMemory="16384"
	LogicalProcessorsPerPhysical="10"
	ProcessorClockFrequency="0.000000"
	>
	<Testing>
		<StartDateTime>Apr 17 23:41 IST</StartDateTime>
		<StartTestTime>1776449492</StartTestTime>
		<TestList/>
		<EndDateTime>Apr 17 23:41 IST</EndDateTime>
		<EndTestTime>1776449492</EndTestTime>
		<ElapsedMinutes>0</ElapsedMinutes>
	</Testing>
</Site>
